20.7.2024, 19:43:22 - ERROR - Cannot get bugs | Error: ENOENT: no such file or directory, open 'D:\Coding Academy\Dropbox folders\CaPreMay24-ExerciseSubmission\MissBug\miss-bug-backend\data\bugs.jsons'20.7.2024, 22:22:39 - ERROR - cannot save bug | ReferenceError: bugss is not defined
21.7.2024, 13:50:37 - ERROR - cannot save bug | ReferenceError: bugss is not defined
21.7.2024, 13:51:07 - ERROR - cannot save bug | ReferenceError: bugss is not defined
21.7.2024, 13:51:11 - ERROR - cannot save bug | ReferenceError: bugss is not defined
21.7.2024, 13:51:34 - ERROR - Cannot save bug | ReferenceError: bugss is not defined
21.7.2024, 13:52:05 - ERROR - Cannot save bug | ReferenceError: bugss is not defined
21.7.2024, 14:00:29 - ERROR - Cannot save bug | ReferenceError: bugss is not defined
21.7.2024, 14:02:02 - ERROR - Cannot save bug | ReferenceError: bugss is not defined
21.7.2024, 15:49:10 - ERROR - Cannot get bug. | Error: Cannot get bug with _id 123
21.7.2024, 15:50:10 - ERROR - Cannot get bug. | Error: Cannot get bug with _id abc123
21.7.2024, 15:52:25 - ERROR - Cannot get bug. | Error: Cannot get bug with _id 123
21.7.2024, 15:52:56 - ERROR - Cannot get bug. | Error: Cannot get bug with _id 12345678
21.7.2024, 19:31:58 - ERROR - Cannot remove bug. | Error: Cannot remove bug with _id 123456
21.7.2024, 19:33:16 - ERROR - Cannot get bug. | Error: Cannot get bug with _id ghi78934
21.7.2024, 20:11:20 - ERROR - Cannot get bug. | Error: Cannot get bug with _id C0tYbE
21.7.2024, 20:40:09 - ERROR - Cannot get bug. | Error: Cannot get bug with _id 56WfP
21.7.2024, 20:40:24 - ERROR - Cannot get bug. | Error: Cannot get bug with _id pRSPm
22.7.2024, 20:53:51 - ERROR - Cannot get bugs | TypeError: Cannot destructure property 'title' of 'filterBy' as it is undefined.
22.7.2024, 20:53:51 - ERROR - Cannot save bug | TypeError: Cannot destructure property 'title' of 'filterBy' as it is undefined.
28.7.2024, 17:27:20 - ERROR - Cannot get bug. | Error: Cannot get bug with _id save
29.7.2024, 17:30:38 - ERROR - Cannot get bugs | TypeError: bug1.localeCompare is not a function
29.7.2024, 17:30:49 - ERROR - Cannot get bugs | TypeError: bug1.localeCompare is not a function
4.8.2024, 21:03:37 - ERROR - Cannot get bugs | TypeError: Cannot read properties of undefined (reading 'length')
4.8.2024, 21:03:37 - ERROR - Cannot save bug | TypeError: Cannot read properties of undefined (reading 'length')
4.8.2024, 21:03:50 - ERROR - Cannot get bugs | TypeError: Cannot read properties of undefined (reading 'length')
4.8.2024, 21:03:50 - ERROR - Cannot get bug. | TypeError: Cannot read properties of undefined (reading 'length')
4.8.2024, 21:09:21 - ERROR - Cannot get bugs | TypeError: Cannot read properties of undefined (reading 'length')
4.8.2024, 21:09:21 - ERROR - Cannot get bug. | TypeError: Cannot read properties of undefined (reading 'length')
4.8.2024, 21:09:55 - ERROR - Cannot get bugs | TypeError: Cannot read properties of undefined (reading 'length')
4.8.2024, 21:09:55 - ERROR - Cannot save bug | TypeError: Cannot read properties of undefined (reading 'length')
4.8.2024, 21:15:04 - ERROR - Cannot get bugs | TypeError: Cannot read properties of undefined (reading 'length')
4.8.2024, 21:15:04 - ERROR - Cannot remove bug. | TypeError: Cannot read properties of undefined (reading 'length')
4.8.2024, 21:15:25 - ERROR - Cannot get bugs | TypeError: Cannot read properties of undefined (reading 'length')
4.8.2024, 21:15:25 - ERROR - Cannot remove bug. | TypeError: Cannot read properties of undefined (reading 'length')
4.8.2024, 21:16:04 - ERROR - Cannot get bugs | TypeError: Cannot read properties of undefined (reading 'length')
4.8.2024, 21:16:04 - ERROR - Cannot remove bug. | TypeError: Cannot read properties of undefined (reading 'length')
4.8.2024, 21:16:51 - ERROR - Cannot get bug. | TypeError: Cannot read properties of undefined (reading 'length')
4.8.2024, 21:16:51 - ERROR - Cannot get bugs | TypeError: Cannot read properties of undefined (reading 'length')
4.8.2024, 21:16:59 - ERROR - Cannot get bugs | TypeError: Cannot read properties of undefined (reading 'length')
4.8.2024, 21:16:59 - ERROR - Cannot get bug. | TypeError: Cannot read properties of undefined (reading 'length')
4.8.2024, 21:17:18 - ERROR - Cannot get bugs | TypeError: Cannot read properties of undefined (reading 'length')
4.8.2024, 21:17:18 - ERROR - Cannot save bug | TypeError: Cannot read properties of undefined (reading 'length')
4.8.2024, 21:17:30 - ERROR - Cannot get bugs | TypeError: Cannot read properties of undefined (reading 'length')
4.8.2024, 21:17:30 - ERROR - Cannot save bug | TypeError: Cannot read properties of undefined (reading 'length')
4.8.2024, 21:17:38 - ERROR - Cannot save bug | TypeError: Cannot read properties of undefined (reading 'length')
4.8.2024, 21:17:38 - ERROR - Cannot get bugs | TypeError: Cannot read properties of undefined (reading 'length')
4.8.2024, 21:19:09 - ERROR - Cannot get bugs | TypeError: Cannot read properties of undefined (reading 'length')
4.8.2024, 21:19:09 - ERROR - Cannot save bug | TypeError: Cannot read properties of undefined (reading 'length')
6.8.2024, 18:18:25 - ERROR - Cannot signup | Error: Username already exists
6.8.2024, 18:27:57 - ERROR - Cannot signup | Error: Username already exists
6.8.2024, 18:32:41 - ERROR - Cannot login | Error: data and hash arguments required
6.8.2024, 18:35:04 - ERROR - Cannot login | Error: data and hash arguments required
6.8.2024, 18:44:25 - ERROR - Cannot login | Error: data and hash arguments required
6.8.2024, 20:48:16 - ERROR - Cannot login | Error: Username not found
6.8.2024, 20:49:44 - ERROR - Cannot signup | Error: Cannot have empty fields
6.8.2024, 20:51:37 - ERROR - Cannot signup | Error: Cannot have empty fields
6.8.2024, 20:53:12 - ERROR - Cannot signup | Error: Cannot have empty fields
6.8.2024, 20:54:02 - ERROR - Cannot signup | Error: Cannot have empty fields
6.8.2024, 20:55:52 - ERROR - Cannot signup | Error: Username already exists
6.8.2024, 20:56:55 - ERROR - Cannot signup | Error: Username already exists
6.8.2024, 20:57:43 - ERROR - Cannot login | Error: Username not found
6.8.2024, 20:58:13 - ERROR - Cannot login | Error: Invalid username or password
6.8.2024, 21:00:01 - ERROR - Cannot login | Error: Invalid username or password
6.8.2024, 21:02:10 - ERROR - Cannot login | Error: Cannot have empty fields
6.8.2024, 21:05:33 - ERROR - Cannot signup | Error: Cannot have empty fields
6.8.2024, 21:06:29 - ERROR - Cannot signup | Error: Username already exists
6.8.2024, 21:15:08 - ERROR - Cannot login | Error: Cannot have empty fields
6.8.2024, 21:15:24 - ERROR - Cannot login | Error: Cannot have empty fields
6.8.2024, 21:16:06 - ERROR - Cannot login | Error: Username not found
6.8.2024, 21:16:34 - ERROR - Cannot login | Error: Invalid username or password
6.8.2024, 21:42:43 - ERROR - Cannot save bug | TypeError: Cannot read properties of undefined (reading '_id')
6.8.2024, 21:43:30 - ERROR - Cannot save bug | TypeError: Cannot read properties of undefined (reading '_id')
6.8.2024, 21:45:26 - ERROR - Cannot save bug | TypeError: Cannot read properties of undefined (reading '_id')
6.8.2024, 21:50:21 - ERROR - Cannot save bug | TypeError: Cannot read properties of undefined (reading '_id')
6.8.2024, 21:51:26 - ERROR - Cannot save bug | TypeError: Cannot read properties of undefined (reading '_id')
6.8.2024, 23:00:15 - ERROR - Cannot save bug | Error: Cannot update someone else's bug
6.8.2024, 23:05:27 - ERROR - Cannot remove bug. | Error: Cannot remove someone else's bug
7.8.2024, 20:50:00 - ERROR - Cannot login | Error: Username not found
7.8.2024, 20:52:13 - ERROR - Cannot login | Error: Username not found
7.8.2024, 20:52:14 - ERROR - Cannot login | Error: Username not found
7.8.2024, 20:52:31 - ERROR - Cannot login | Error: Invalid username or password
7.8.2024, 20:53:39 - ERROR - Cannot save bug | Error: Cannot update someone else's bug
7.8.2024, 20:53:44 - ERROR - Cannot save bug | Error: Cannot update someone else's bug
7.8.2024, 20:53:48 - ERROR - Cannot save bug | Error: Cannot update someone else's bug
7.8.2024, 20:53:50 - ERROR - Cannot save bug | Error: Cannot update someone else's bug
7.8.2024, 20:53:53 - ERROR - Cannot save bug | Error: Cannot update someone else's bug
7.8.2024, 20:53:55 - ERROR - Cannot save bug | Error: Cannot update someone else's bug
7.8.2024, 20:53:58 - ERROR - Cannot save bug | Error: Cannot update someone else's bug
7.8.2024, 20:54:00 - ERROR - Cannot save bug | Error: Cannot update someone else's bug
7.8.2024, 21:18:48 - ERROR - Cannot login | Error: Username not found
7.8.2024, 21:19:07 - ERROR - Cannot login | Error: Invalid username or password
7.8.2024, 21:40:23 - ERROR - Cannot signup | Error: Username already exists
7.8.2024, 21:43:52 - ERROR - Cannot signup | Error: Username already exists
7.8.2024, 21:48:28 - ERROR - Cannot login | Error: Username not found
7.8.2024, 21:48:40 - ERROR - Cannot login | Error: Invalid username or password
7.8.2024, 21:48:55 - ERROR - Cannot remove bug. | Error: Cannot remove someone else's bug
7.8.2024, 21:48:56 - ERROR - Cannot remove bug. | Error: Cannot remove someone else's bug
7.8.2024, 21:49:00 - ERROR - Cannot save bug | Error: Cannot update someone else's bug
7.8.2024, 21:49:05 - ERROR - Cannot save bug | Error: Cannot update someone else's bug
7.8.2024, 21:49:46 - ERROR - Cannot save bug | Error: Cannot update someone else's bug
7.8.2024, 21:49:50 - ERROR - Cannot save bug | Error: Cannot update someone else's bug
7.8.2024, 21:50:50 - ERROR - Cannot login | Error: Invalid username or password
7.8.2024, 21:51:04 - ERROR - Cannot save bug | Error: Cannot update someone else's bug
7.8.2024, 21:51:09 - ERROR - Cannot save bug | Error: Cannot update someone else's bug
7.8.2024, 21:51:12 - ERROR - Cannot save bug | Error: Cannot update someone else's bug
7.8.2024, 21:51:16 - ERROR - Cannot save bug | Error: Cannot update someone else's bug
7.8.2024, 21:51:19 - ERROR - Cannot save bug | Error: Cannot update someone else's bug
7.8.2024, 21:51:41 - ERROR - Cannot save bug | Error: Cannot update someone else's bug
7.8.2024, 21:51:44 - ERROR - Cannot save bug | Error: Cannot update someone else's bug
7.8.2024, 21:51:47 - ERROR - Cannot save bug | Error: Cannot update someone else's bug
7.8.2024, 21:51:50 - ERROR - Cannot remove bug. | Error: Cannot remove someone else's bug
7.8.2024, 21:51:51 - ERROR - Cannot remove bug. | Error: Cannot remove someone else's bug
7.8.2024, 21:51:53 - ERROR - Cannot remove bug. | Error: Cannot remove someone else's bug
7.8.2024, 21:51:54 - ERROR - Cannot remove bug. | Error: Cannot remove someone else's bug
7.8.2024, 21:51:56 - ERROR - Cannot remove bug. | Error: Cannot remove someone else's bug
7.8.2024, 21:51:57 - ERROR - Cannot remove bug. | Error: Cannot remove someone else's bug
8.8.2024, 0:45:00 - ERROR - Cannot login | Error: Invalid username or password
8.8.2024, 0:45:13 - ERROR - Cannot login | Error: Invalid username or password
8.8.2024, 0:45:18 - ERROR - Cannot login | Error: Invalid username or password
8.8.2024, 0:46:33 - ERROR - Cannot login | Error: Invalid username or password
8.8.2024, 19:24:34 - ERROR - Cannot login | Error: Username not found
8.8.2024, 19:24:45 - ERROR - Cannot login | Error: Username not found
8.8.2024, 20:05:32 - ERROR - Cannot login | Error: Username not found
8.8.2024, 20:24:49 - ERROR - Cannot login | Error: Username not found
8.8.2024, 20:25:00 - ERROR - Cannot login | Error: Invalid username or password
8.8.2024, 20:36:50 - ERROR - Cannot save bug | Error: Cannot update someone else's bug
8.8.2024, 20:36:58 - ERROR - Cannot remove bug. | Error: Cannot remove someone else's bug
8.8.2024, 20:37:11 - ERROR - Cannot save bug | Error: Cannot update someone else's bug
8.8.2024, 20:38:19 - ERROR - Cannot save bug | Error: Cannot update someone else's bug
8.8.2024, 20:38:22 - ERROR - Cannot save bug | Error: Cannot update someone else's bug
8.8.2024, 20:38:32 - ERROR - Cannot get users | Error: Only the admin is allowed to see the list of users
8.8.2024, 20:39:09 - ERROR - Cannot get users | Error: Only the admin is allowed to see the list of users
8.8.2024, 20:39:23 - ERROR - Cannot get users | Error: Only the admin is allowed to see the list of users
8.8.2024, 20:39:51 - ERROR - Cannot save user | ReferenceError: users is not defined
8.8.2024, 20:41:48 - ERROR - Cannot save user | ReferenceError: users is not defined
8.8.2024, 20:43:21 - ERROR - Cannot save user | ReferenceError: users is not defined
8.8.2024, 20:45:10 - ERROR - Cannot save user | ReferenceError: users is not defined
8.8.2024, 21:09:45 - ERROR - Cannot get users | Error: Only the admin is allowed to see the list of users
8.8.2024, 21:10:23 - ERROR - Cannot get users | Error: Only the admin is allowed to see the list of users
8.8.2024, 21:11:13 - ERROR - Cannot get user. | Error: Cannot see someone else's user
8.8.2024, 21:17:43 - ERROR - Cannot get users | Error: Only the admin is allowed to see the list of users
8.8.2024, 21:39:30 - ERROR - Cannot login | Error: Username not found
8.8.2024, 22:17:36 - ERROR - Cannot login | Error: Username not found
8.8.2024, 22:17:53 - ERROR - Cannot login | Error: Invalid username or password
8.8.2024, 22:19:37 - ERROR - Cannot signup | Error: Username already exists
8.8.2024, 22:19:58 - ERROR - Cannot save user | TypeError: Cannot read properties of null (reading 'push')
8.8.2024, 22:19:58 - ERROR - Cannot signup | TypeError: Cannot read properties of null (reading 'push')
8.8.2024, 22:29:16 - ERROR - Cannot signup | Error: Username already exists
8.8.2024, 22:30:33 - ERROR - Cannot get users | Error: Only the admin is allowed to see the list of users
8.8.2024, 22:30:54 - ERROR - Cannot login | Error: Invalid username or password
13.8.2024, 1:39:04 - ERROR - Cannot get bug. | BSONError: hex string must be 24 characters
13.8.2024, 17:14:57 - ERROR - Cannot signup | ReferenceError: collection is not defined
13.8.2024, 17:14:57 - ERROR - Cannot save user | ReferenceError: collection is not defined
13.8.2024, 17:22:39 - ERROR - Cannot login | Error: Username not found
13.8.2024, 17:22:53 - ERROR - Cannot login | Error: Username not found
13.8.2024, 17:23:10 - ERROR - Cannot login | Error: Username not found
13.8.2024, 17:23:44 - ERROR - Cannot login | Error: Invalid username or password
13.8.2024, 17:25:07 - ERROR - Cannot save bug | TypeError: bugToSave._id.getTimestemp is not a function
13.8.2024, 17:36:06 - ERROR - Cannot login | Error: Username not found
13.8.2024, 17:37:16 - ERROR - Cannot login | Error: Username not found
13.8.2024, 17:37:19 - ERROR - Cannot login | Error: Invalid username or password
13.8.2024, 17:37:27 - ERROR - Cannot login | Error: Username not found
13.8.2024, 17:39:13 - ERROR - Cannot save bug | Error: Couldn't update bug with _id 66bb6feb0df29e7a5f3a4ffb
13.8.2024, 17:39:54 - ERROR - Cannot save bug | Error: Couldn't update bug with _id 66bb6feb0df29e7a5f3a4ffb
13.8.2024, 17:46:32 - ERROR - Cannot save bug | Error: Couldn't update bug with _id 66bb6feb0df29e7a5f3a4ffb
13.8.2024, 17:48:20 - ERROR - Cannot save bug | MongoServerError: Performing an update on the path '_id' would modify the immutable field '_id'
13.8.2024, 17:49:02 - ERROR - Cannot save bug | Error: Couldn't update bug with _id 66bb6feb0df29e7a5f3a4ffb
13.8.2024, 17:54:51 - ERROR - Cannot save bug | Error: Couldn't update bug with _id 66bb6feb0df29e7a5f3a4ffb
13.8.2024, 17:56:21 - ERROR - Cannot save bug | TypeError: bugToSave._id.getTimestamp is not a function
13.8.2024, 18:05:25 - ERROR - Cannot save bug | Error: Couldn't update bug with _id 66bb6feb0df29e7a5f3a4ffb
13.8.2024, 18:32:15 - ERROR - Cannot save bug | MongoServerError: Performing an update on the path '_id' would modify the immutable field '_id'
13.8.2024, 18:33:13 - ERROR - Cannot save bug | MongoServerError: Performing an update on the path '_id' would modify the immutable field '_id'
13.8.2024, 20:34:14 - ERROR - Cannot get users | TypeError: dbService.getCollection(...).toArray is not a function
13.8.2024, 20:36:20 - ERROR - Cannot save user | Error: Couldn't update user with _id 66bb6af7599fdf4607f6021e
14.8.2024, 17:47:35 - ERROR - Cannot save message | ReferenceError: aboutBugId is not defined
14.8.2024, 17:52:08 - ERROR - Cannot save message | ReferenceError: aboutBugId is not defined
14.8.2024, 17:54:10 - ERROR - Cannot save message | ReferenceError: aboutBugId is not defined
14.8.2024, 17:55:49 - ERROR - Having issues with aggregating message | BSONError: hex string must be 24 characters
14.8.2024, 17:55:49 - ERROR - Cannot save message | BSONError: hex string must be 24 characters
14.8.2024, 18:00:04 - ERROR - Having issues with aggregating message | BSONError: hex string must be 24 characters
14.8.2024, 18:00:04 - ERROR - Cannot save message | BSONError: hex string must be 24 characters
14.8.2024, 18:01:41 - ERROR - Having issues with aggregating message | ReferenceError: aboutBugId is not defined
14.8.2024, 18:01:41 - ERROR - Cannot save message | ReferenceError: aboutBugId is not defined
14.8.2024, 18:03:42 - ERROR - Having issues with aggregating message | MongoServerError: title is not allowed or the syntax is incorrect, see the Atlas documentation for more information
14.8.2024, 18:03:42 - ERROR - Cannot save message | MongoServerError: title is not allowed or the syntax is incorrect, see the Atlas documentation for more information
14.8.2024, 21:22:01 - ERROR - Cannot save message | Error: Couldn't update message with _id 66bcf49441f59ba5f73d08d3
14.8.2024, 21:38:20 - ERROR - Cannot remove message | Error: Cannot remove message with _id 66bcf8f42ad3829926bd9699
14.8.2024, 21:40:01 - ERROR - Cannot remove message | Error: Cannot remove message with _id 66bcf99ea8b6706538f04a24
14.8.2024, 22:50:34 - ERROR - Cannot remove message | Error: Only the admin is allowed to remove messages
14.8.2024, 22:50:59 - ERROR - Cannot save message | Error: Only the admin is allowed to update messages
14.8.2024, 22:51:13 - ERROR - Cannot save message | Error: Only the admin is allowed to update messages
14.8.2024, 22:51:15 - ERROR - Cannot save message | Error: Only the admin is allowed to update messages
14.8.2024, 22:51:17 - ERROR - Cannot save message | Error: Only the admin is allowed to update messages
14.8.2024, 22:51:19 - ERROR - Cannot save message | Error: Only the admin is allowed to update messages
14.8.2024, 22:51:21 - ERROR - Cannot remove message | Error: Only the admin is allowed to remove messages
14.8.2024, 22:51:23 - ERROR - Cannot remove message | Error: Only the admin is allowed to remove messages
14.8.2024, 22:51:24 - ERROR - Cannot remove message | Error: Only the admin is allowed to remove messages
14.8.2024, 22:51:26 - ERROR - Cannot remove message | Error: Only the admin is allowed to remove messages
14.8.2024, 22:53:36 - ERROR - Cannot get bugs | MongoServerError: unknown operator: $regexp
